{
  "RSpec": {
    "coverage": {
      "/workspaces/cms_test/app/helpers/application_helper.rb": {
        "lines": [
          1,
          null
        ]
      },
      "/workspaces/cms_test/app/helpers/home_helper.rb": {
        "lines": [
          1,
          null
        ]
      },
      "/workspaces/cms_test/app/controllers/application_controller.rb": {
        "lines": [
          0,
          null,
          0,
          0
        ],
        "branches": {}
      },
      "/workspaces/cms_test/app/controllers/home_controller.rb": {
        "lines": [
          0,
          0,
          0,
          0
        ],
        "branches": {}
      },
      "/workspaces/cms_test/app/controllers/inertia_controller.rb": {
        "lines": [
          null,
          null,
          0,
          null,
          null,
          null,
          0
        ],
        "branches": {}
      },
      "/workspaces/cms_test/app/controllers/inertia_example_controller.rb": {
        "lines": [
          null,
          null,
          0,
          0,
          0,
          0,
          0,
          0,
          0,
          0,
          0,
          0
        ],
        "branches": {}
      },
      "/workspaces/cms_test/app/jobs/application_job.rb": {
        "lines": [
          0,
          null,
          null,
          null,
          null,
          null,
          0
        ],
        "branches": {}
      },
      "/workspaces/cms_test/app/mailers/application_mailer.rb": {
        "lines": [
          0,
          0,
          0,
          0
        ],
        "branches": {}
      },
      "/workspaces/cms_test/app/models/application_record.rb": {
        "lines": [
          0,
          0,
          0
        ],
        "branches": {}
      }
    },
    "timestamp": 1774165239
  }
}
