{
  "RSpec": {
    "coverage": {
      "/workspaces/cms_test/app/helpers/application_helper.rb": {
        "lines": [
          null,
          null,
          1,
          null
        ]
      },
      "/workspaces/cms_test/app/controllers/application_controller.rb": {
        "lines": [
          null,
          null,
          0,
          null,
          0,
          null,
          0,
          0,
          null,
          0,
          null,
          0,
          0,
          0,
          0,
          null,
          0,
          0,
          0,
          null,
          0,
          0,
          null,
          0,
          0,
          0,
          null,
          0,
          0,
          0,
          0
        ],
        "branches": {}
      },
      "/workspaces/cms_test/app/controllers/dashboard_controller.rb": {
        "lines": [
          null,
          null,
          0,
          0,
          0,
          0
        ],
        "branches": {}
      },
      "/workspaces/cms_test/app/controllers/home_controller.rb": {
        "lines": [
          null,
          null,
          0,
          0,
          0,
          null,
          0,
          0,
          0
        ],
        "branches": {}
      },
      "/workspaces/cms_test/app/controllers/identity/email_verifications_controller.rb": {
        "lines": [
          null,
          null,
          0,
          0,
          null,
          0,
          null,
          0,
          0,
          0,
          0,
          null,
          0,
          0,
          0,
          0,
          null,
          0,
          null,
          0,
          0,
          0,
          0,
          0,
          null,
          0,
          0,
          0,
          0
        ],
        "branches": {}
      },
      "/workspaces/cms_test/app/controllers/identity/password_resets_controller.rb": {
        "lines": [
          null,
          null,
          0,
          0,
          null,
          0,
          null,
          0,
          0,
          null,
          0,
          0,
          0,
          null,
          0,
          0,
          0,
          0,
          0,
          0,
          0,
          0,
          null,
          0,
          0,
          0,
          0,
          0,
          0,
          0,
          null,
          0,
          null,
          0,
          0,
          0,
          0,
          0,
          null,
          0,
          0,
          0,
          null,
          0,
          0,
          0,
          0
        ],
        "branches": {}
      },
      "/workspaces/cms_test/app/controllers/inertia_controller.rb": {
        "lines": [
          null,
          null,
          0,
          null,
          null,
          null,
          null,
          0,
          0,
          0,
          0,
          0,
          0
        ],
        "branches": {}
      },
      "/workspaces/cms_test/app/controllers/sessions_controller.rb": {
        "lines": [
          null,
          null,
          0,
          0,
          0,
          0,
          null,
          0,
          0,
          null,
          0,
          0,
          0,
          0,
          null,
          0,
          0,
          0,
          0,
          0,
          null,
          0,
          0,
          0,
          0,
          0,
          null,
          0,
          null,
          0,
          0,
          0,
          0
        ],
        "branches": {}
      },
      "/workspaces/cms_test/app/controllers/settings/emails_controller.rb": {
        "lines": [
          null,
          null,
          0,
          0,
          null,
          0,
          0,
          null,
          0,
          0,
          null,
          0,
          0,
          0,
          0,
          0,
          0,
          0,
          null,
          0,
          null,
          0,
          0,
          0,
          null,
          0,
          0,
          0,
          null,
          0,
          0,
          0,
          0,
          0,
          0,
          0,
          0,
          null,
          0,
          0,
          0,
          0
        ],
        "branches": {}
      },
      "/workspaces/cms_test/app/controllers/settings/passwords_controller.rb": {
        "lines": [
          null,
          null,
          0,
          0,
          null,
          0,
          0,
          null,
          0,
          0,
          0,
          0,
          0,
          0,
          0,
          null,
          0,
          null,
          0,
          0,
          0,
          null,
          0,
          0,
          0,
          0
        ],
        "branches": {}
      },
      "/workspaces/cms_test/app/controllers/settings/profiles_controller.rb": {
        "lines": [
          null,
          null,
          0,
          0,
          null,
          null,
          0,
          0,
          null,
          0,
          0,
          0,
          0,
          0,
          0,
          0,
          null,
          0,
          null,
          0,
          0,
          0,
          null,
          0,
          0,
          0,
          0
        ],
        "branches": {}
      },
      "/workspaces/cms_test/app/controllers/settings/sessions_controller.rb": {
        "lines": [
          null,
          null,
          0,
          0,
          0,
          0,
          0,
          0
        ],
        "branches": {}
      },
      "/workspaces/cms_test/app/controllers/users_controller.rb": {
        "lines": [
          null,
          null,
          0,
          0,
          0,
          null,
          0,
          0,
          0,
          null,
          0,
          0,
          null,
          0,
          0,
          0,
          null,
          0,
          0,
          0,
          0,
          0,
          0,
          null,
          0,
          0,
          0,
          0,
          0,
          0,
          0,
          0,
          0,
          0,
          null,
          0,
          null,
          0,
          0,
          0,
          null,
          0,
          0,
          0,
          0
        ],
        "branches": {}
      },
      "/workspaces/cms_test/app/jobs/application_job.rb": {
        "lines": [
          null,
          null,
          0,
          null,
          null,
          null,
          null,
          null,
          0
        ],
        "branches": {}
      },
      "/workspaces/cms_test/app/mailers/application_mailer.rb": {
        "lines": [
          0,
          0,
          0,
          0
        ],
        "branches": {}
      },
      "/workspaces/cms_test/app/mailers/user_mailer.rb": {
        "lines": [
          0,
          0,
          0,
          0,
          null,
          0,
          0,
          null,
          0,
          0,
          0,
          null,
          0,
          0,
          0
        ],
        "branches": {}
      },
      "/workspaces/cms_test/app/models/application_record.rb": {
        "lines": [
          0,
          0,
          0
        ],
        "branches": {}
      },
      "/workspaces/cms_test/app/models/current.rb": {
        "lines": [
          0,
          0,
          0,
          null,
          0,
          0
        ],
        "branches": {}
      },
      "/workspaces/cms_test/app/models/post.rb": {
        "lines": [
          0,
          0
        ],
        "branches": {}
      },
      "/workspaces/cms_test/app/models/session.rb": {
        "lines": [
          0,
          0,
          null,
          0,
          0,
          0,
          0,
          0
        ],
        "branches": {}
      },
      "/workspaces/cms_test/app/models/user.rb": {
        "lines": [
          0,
          0,
          null,
          0,
          0,
          0,
          null,
          0,
          0,
          0,
          null,
          null,
          0,
          null,
          0,
          0,
          null,
          0,
          null,
          0,
          0,
          0,
          null,
          0,
          0,
          0,
          0
        ],
        "branches": {}
      }
    },
    "timestamp": 1774804537
  }
}
